[06/11/2021 11:19:22 AM][ INFO    ] Loading Graph Engine Extensions.
[06/11/2021 11:19:26 AM][ INFO    ] Scanning for TSL storage extension.
[06/11/2021 11:19:26 AM][ INFO    ] TSL storage extension loaded.
[06/11/2021 11:19:26 AM][ INFO    ] Scanning for MemoryCloud extensions.
[06/11/2021 11:19:26 AM][ INFO    ] No MemoryCloud extension found.
[06/11/2021 11:19:26 AM][ INFO    ] Scanning for startup tasks.
[06/11/2021 11:19:26 AM][ INFO    ] EventLoop: Starting.
[06/11/2021 11:19:26 AM][ INFO    ] Listening endpoint :5304
[06/11/2021 11:19:26 AM][ INFO    ] Waiting for client connection ...
[06/11/2021 11:19:26 AM][ INFO    ] My IPEndPoint: 192.168.1.245:5304
[06/11/2021 11:19:26 AM][ INFO    ] HTTP server listening on port 8081
[06/11/2021 11:19:26 AM][ INFO    ] *****************************************************
[06/11/2021 11:19:26 AM][ INFO    ] ServerCount: 0
[06/11/2021 11:19:26 AM][ INFO    ] ProxyCount: 0
[06/11/2021 11:19:26 AM][ INFO    ] *****************************************************
[06/11/2021 11:19:26 AM][ WARNING ] No distributed instances configured. Turning on local test mode.
[06/11/2021 11:19:27 AM][ INFO    ] LocalMemoryStorage is initialized in read-write mode
[06/11/2021 11:19:27 AM][ INFO    ] Initializing logging facility
[06/11/2021 11:19:27 AM][ INFO    ] Creating write-ahead log file C:\GE\TDW.TCSServer\TDW.KMSServer\bin\Debug\netcoreapp3.1\storage\B\write_ahead_log\primary_storage_log_78.dat
[06/11/2021 11:19:27 AM][ INFO    ] Scanning for auto-registered communication modules.
[06/11/2021 11:19:27 AM][ INFO    ] Checking Server-Server protocol signatures...
[06/11/2021 11:19:27 AM][ INFO    ] Working Directory: C:\GE\TDW.TCSServer\TDW.KMSServer\bin\Debug\netcoreapp3.1\
[06/11/2021 11:19:27 AM][ INFO    ] StorageRoot : C:\GE\TDW.TCSServer\TDW.KMSServer\bin\Debug\netcoreapp3.1\storage\
[06/11/2021 11:19:27 AM][ INFO    ] LogDirectory: C:\GE\TDW.TCSServer\TDW.KMSServer\bin\Debug\netcoreapp3.1\trinity-log
[06/11/2021 11:19:27 AM][ INFO    ] LoggingLevel: Info
[06/11/2021 11:19:27 AM][ INFO    ] HttpPort:     8081
[06/11/2021 11:19:27 AM][ INFO    ] Server 0 is successfully started.
[06/11/2021 11:19:27 AM][ INFO    ] Resetting storage.
[06/11/2021 11:19:28 AM][ INFO    ] Reset storage complete, image version = 79
[06/11/2021 11:19:28 AM][ INFO    ] Dropping write-ahead-log file C:\GE\TDW.TCSServer\TDW.KMSServer\bin\Debug\netcoreapp3.1\storage\B\write_ahead_log\primary_storage_log_78.dat
[06/11/2021 11:19:28 AM][ INFO    ] Initializing logging facility
[06/11/2021 11:19:28 AM][ INFO    ] Creating write-ahead log file C:\GE\TDW.TCSServer\TDW.KMSServer\bin\Debug\netcoreapp3.1\storage\B\write_ahead_log\primary_storage_log_79.dat
[06/11/2021 11:19:28 AM][ INFO    ] Saving storage to [SLOT A]
[06/11/2021 11:19:31 AM][ INFO    ] Save storage complete, image version = 80.
[06/11/2021 11:19:31 AM][ INFO    ] Creating write-ahead log file C:\GE\TDW.TCSServer\TDW.KMSServer\bin\Debug\netcoreapp3.1\storage\A\write_ahead_log\primary_storage_log_80.dat
[06/11/2021 11:19:31 AM][ INFO    ] Dropping write-ahead-log file C:\GE\TDW.TCSServer\TDW.KMSServer\bin\Debug\netcoreapp3.1\storage\B\write_ahead_log\primary_storage_log_79.dat
[06/11/2021 11:19:31 AM][ INFO    ] Saving cell type signatures.
[06/11/2021 11:19:31 AM][ INFO    ] Loading storage from [SLOT A]
[06/11/2021 11:19:34 AM][ INFO    ] Load storage complete, image version = 80
[06/11/2021 11:19:34 AM][ INFO    ] Initializing logging facility
[06/11/2021 11:19:34 AM][ INFO    ] Dropping write-ahead-log file C:\GE\TDW.TCSServer\TDW.KMSServer\bin\Debug\netcoreapp3.1\storage\A\write_ahead_log\primary_storage_log_80.dat
[06/11/2021 11:19:34 AM][ INFO    ] Creating write-ahead log file C:\GE\TDW.TCSServer\TDW.KMSServer\bin\Debug\netcoreapp3.1\storage\A\write_ahead_log\primary_storage_log_80.dat
[06/11/2021 11:19:34 AM][ INFO    ] Loading cell type signatures.
[06/11/2021 11:19:34 AM][ INFO    ] Loading storage from [SLOT A]
[06/11/2021 11:19:38 AM][ INFO    ] Load storage complete, image version = 80
[06/11/2021 11:19:38 AM][ INFO    ] Initializing logging facility
[06/11/2021 11:19:38 AM][ INFO    ] Dropping write-ahead-log file C:\GE\TDW.TCSServer\TDW.KMSServer\bin\Debug\netcoreapp3.1\storage\A\write_ahead_log\primary_storage_log_80.dat
[06/11/2021 11:19:39 AM][ INFO    ] Creating write-ahead log file C:\GE\TDW.TCSServer\TDW.KMSServer\bin\Debug\netcoreapp3.1\storage\A\write_ahead_log\primary_storage_log_80.dat
[06/11/2021 11:19:40 AM][ INFO    ] Loading cell type signatures.
[06/11/2021 11:19:49 AM][ INFO    ] Saving storage to [SLOT B]
[06/11/2021 11:19:52 AM][ INFO    ] Save storage complete, image version = 81.
[06/11/2021 11:19:52 AM][ INFO    ] Creating write-ahead log file C:\GE\TDW.TCSServer\TDW.KMSServer\bin\Debug\netcoreapp3.1\storage\B\write_ahead_log\primary_storage_log_81.dat
[06/11/2021 11:19:52 AM][ INFO    ] Dropping write-ahead-log file C:\GE\TDW.TCSServer\TDW.KMSServer\bin\Debug\netcoreapp3.1\storage\A\write_ahead_log\primary_storage_log_80.dat
[06/11/2021 11:19:52 AM][ INFO    ] Saving cell type signatures.
