[06/10/2021 08:41:10 PM][ INFO    ] Loading Graph Engine Extensions.
[06/10/2021 08:41:11 PM][ INFO    ] Scanning for TSL storage extension.
[06/10/2021 08:41:11 PM][ INFO    ] TSL storage extension loaded.
[06/10/2021 08:41:11 PM][ INFO    ] Scanning for MemoryCloud extensions.
[06/10/2021 08:41:11 PM][ INFO    ] No MemoryCloud extension found.
[06/10/2021 08:41:11 PM][ INFO    ] Scanning for startup tasks.
[06/10/2021 08:41:12 PM][ INFO    ] EventLoop: Starting.
[06/10/2021 08:41:12 PM][ INFO    ] Listening endpoint :5304
[06/10/2021 08:41:12 PM][ INFO    ] Waiting for client connection ...
[06/10/2021 08:41:12 PM][ INFO    ] My IPEndPoint: 192.168.1.245:5304
[06/10/2021 08:41:12 PM][ INFO    ] HTTP server listening on port 8081
[06/10/2021 08:41:12 PM][ INFO    ] *****************************************************
[06/10/2021 08:41:12 PM][ INFO    ] ServerCount: 0
[06/10/2021 08:41:12 PM][ INFO    ] ProxyCount: 0
[06/10/2021 08:41:12 PM][ INFO    ] *****************************************************
[06/10/2021 08:41:12 PM][ WARNING ] No distributed instances configured. Turning on local test mode.
[06/10/2021 08:41:12 PM][ INFO    ] LocalMemoryStorage is initialized in read-write mode
[06/10/2021 08:41:12 PM][ INFO    ] Initializing logging facility
[06/10/2021 08:41:12 PM][ INFO    ] Creating write-ahead log file C:\GE\TDW.TCSServer\TDW.KMSServer\bin\Debug\netcoreapp3.1\storage\B\write_ahead_log\primary_storage_log_24.dat
[06/10/2021 08:41:12 PM][ INFO    ] Scanning for auto-registered communication modules.
[06/10/2021 08:41:12 PM][ INFO    ] Checking Server-Server protocol signatures...
[06/10/2021 08:41:12 PM][ INFO    ] Working Directory: C:\GE\TDW.TCSServer\TDW.KMSServer\bin\Debug\netcoreapp3.1\
[06/10/2021 08:41:12 PM][ INFO    ] StorageRoot : C:\GE\TDW.TCSServer\TDW.KMSServer\bin\Debug\netcoreapp3.1\storage\
[06/10/2021 08:41:12 PM][ INFO    ] LogDirectory: C:\GE\TDW.TCSServer\TDW.KMSServer\bin\Debug\netcoreapp3.1\trinity-log
[06/10/2021 08:41:12 PM][ INFO    ] LoggingLevel: Info
[06/10/2021 08:41:12 PM][ INFO    ] HttpPort:     8081
[06/10/2021 08:41:12 PM][ INFO    ] Server 0 is successfully started.
[06/10/2021 08:41:12 PM][ INFO    ] Loading storage from [SLOT B]
[06/10/2021 08:41:16 PM][ INFO    ] Load storage complete, image version = 23
[06/10/2021 08:41:16 PM][ INFO    ] Initializing logging facility
[06/10/2021 08:41:16 PM][ INFO    ] Dropping write-ahead-log file C:\GE\TDW.TCSServer\TDW.KMSServer\bin\Debug\netcoreapp3.1\storage\B\write_ahead_log\primary_storage_log_24.dat
[06/10/2021 08:41:17 PM][ INFO    ] Reading log file.
[06/10/2021 08:41:17 PM][ INFO    ] Write-ahead-log successfully loaded. Recovered 0 records.
[06/10/2021 08:41:17 PM][ INFO    ] Creating write-ahead log file C:\GE\TDW.TCSServer\TDW.KMSServer\bin\Debug\netcoreapp3.1\storage\B\write_ahead_log\primary_storage_log_23.dat
[06/10/2021 08:41:17 PM][ INFO    ] Loading cell type signatures.
[06/10/2021 08:43:03 PM][ INFO    ] Saving storage to [SLOT A]
[06/10/2021 08:43:11 PM][ INFO    ] Save storage complete, image version = 24.
[06/10/2021 08:43:11 PM][ INFO    ] Creating write-ahead log file C:\GE\TDW.TCSServer\TDW.KMSServer\bin\Debug\netcoreapp3.1\storage\A\write_ahead_log\primary_storage_log_24.dat
[06/10/2021 08:43:11 PM][ INFO    ] Dropping write-ahead-log file C:\GE\TDW.TCSServer\TDW.KMSServer\bin\Debug\netcoreapp3.1\storage\B\write_ahead_log\primary_storage_log_23.dat
[06/10/2021 08:43:11 PM][ INFO    ] Saving cell type signatures.
[06/10/2021 08:43:11 PM][ INFO    ] Saving storage to [SLOT B]
[06/10/2021 08:43:16 PM][ INFO    ] Save storage complete, image version = 25.
[06/10/2021 08:43:16 PM][ INFO    ] Creating write-ahead log file C:\GE\TDW.TCSServer\TDW.KMSServer\bin\Debug\netcoreapp3.1\storage\B\write_ahead_log\primary_storage_log_25.dat
[06/10/2021 08:43:16 PM][ INFO    ] Dropping write-ahead-log file C:\GE\TDW.TCSServer\TDW.KMSServer\bin\Debug\netcoreapp3.1\storage\A\write_ahead_log\primary_storage_log_24.dat
[06/10/2021 08:43:16 PM][ INFO    ] Saving cell type signatures.
[06/10/2021 08:44:24 PM][ ERROR   ] Trinity.Storage.CellNotFoundException: The cell with id = 8700149481878614000 not found.
   at TDW.KMSServer.Throw.cell_not_found(Int64 cellId) in C:\GE\TDW.TCSServer\TDW.KMSServer\obj\Debug\netcoreapp3.1\GeneratedCode\Lib\Throw.cs:line 88
   at TDW.KMSServer.StorageExtension_KMSKeyPair.UseKMSKeyPair(LocalMemoryStorage storage, Int64 cellId) in C:\GE\TDW.TCSServer\TDW.KMSServer\obj\Debug\netcoreapp3.1\GeneratedCode\Cells\KMSKeyPair.cs:line 1867
   at TDW.KMSServer.TDWKMSServer.ComputeHashKeyPairSignatureHandler(KMSHashPayloadMessage request, KMSHashKeyPairSignatureMessage& response) in C:\GE\TDW.TCSServer\TDW.KMSServer\TDWKMSService.cs:line 85
   at TDW.KMSServer.TDWKMSServiceBase.DispatchHttpRequest(HttpListenerContext context, String endpoint_name, String url) in C:\GE\TDW.TCSServer\TDW.KMSServer\obj\Debug\netcoreapp3.1\GeneratedCode\Lib\HTTP.cs:line 207
   at Trinity.Network.CommunicationInstance._HttpHandler(HttpListenerContext context)
   at Trinity.Network.Http.TrinityHttpServer.ProcessHttpRequest(HttpListenerContext ctx)
