[06/14/2021 04:14:39 PM][ INFO    ] Loading Graph Engine Extensions.
[06/14/2021 04:14:40 PM][ INFO    ] Scanning for TSL storage extension.
[06/14/2021 04:14:41 PM][ INFO    ] TSL storage extension loaded.
[06/14/2021 04:14:41 PM][ INFO    ] Scanning for MemoryCloud extensions.
[06/14/2021 04:14:41 PM][ INFO    ] No MemoryCloud extension found.
[06/14/2021 04:14:41 PM][ INFO    ] Scanning for startup tasks.
[06/14/2021 04:14:41 PM][ INFO    ] EventLoop: Starting.
[06/14/2021 04:14:41 PM][ FATAL   ] Cannot bind the socket to an IP endpoint 5304.
[06/14/2021 04:14:41 PM][ ERROR   ] CommunicationInstance: System.Net.Sockets.SocketException (0x80004005): The operation completed successfully.
   at Trinity.Network.NativeNetwork.StartTrinityServer(UInt16 port)
   at Trinity.Network.CommunicationInstance.StartCommunicationListeners()
   at Trinity.Network.CommunicationInstance.Start()
[06/14/2021 04:14:41 PM][ INFO    ] LocalMemoryStorage is initialized in read-write mode
[06/14/2021 04:14:41 PM][ INFO    ] Initializing logging facility
[06/14/2021 04:14:41 PM][ INFO    ] Creating write-ahead log file C:\GE\TDW.TCSServer\TDW.KMSServer\bin\Debug\netcoreapp3.1\storage\A\write_ahead_log\primary_storage_log_101.dat
[06/14/2021 04:14:41 PM][ INFO    ] Loading storage from [SLOT A]
[06/14/2021 04:14:46 PM][ INFO    ] Load storage complete, image version = 100
[06/14/2021 04:14:46 PM][ INFO    ] Initializing logging facility
[06/14/2021 04:14:46 PM][ INFO    ] Dropping write-ahead-log file C:\GE\TDW.TCSServer\TDW.KMSServer\bin\Debug\netcoreapp3.1\storage\A\write_ahead_log\primary_storage_log_101.dat
[06/14/2021 04:14:46 PM][ INFO    ] Reading log file.
[06/14/2021 04:14:46 PM][ INFO    ] Write-ahead-log successfully loaded. Recovered 0 records.
[06/14/2021 04:14:46 PM][ INFO    ] Creating write-ahead log file C:\GE\TDW.TCSServer\TDW.KMSServer\bin\Debug\netcoreapp3.1\storage\A\write_ahead_log\primary_storage_log_100.dat
[06/14/2021 04:14:46 PM][ INFO    ] Loading cell type signatures.
[06/14/2021 04:14:46 PM][ INFO    ] *****************************************************
[06/14/2021 04:14:46 PM][ INFO    ] ServerCount: 0
[06/14/2021 04:14:46 PM][ INFO    ] ProxyCount: 0
[06/14/2021 04:14:46 PM][ INFO    ] *****************************************************
[06/14/2021 04:14:46 PM][ WARNING ] No distributed instances configured. Turning on local test mode.
[06/14/2021 04:14:46 PM][ INFO    ] Checking Server-Server protocol signatures...
