[06/14/2021 04:01:23 PM][ INFO    ] Loading Graph Engine Extensions.
[06/14/2021 04:01:24 PM][ INFO    ] Scanning for TSL storage extension.
[06/14/2021 04:01:24 PM][ INFO    ] TSL storage extension loaded.
[06/14/2021 04:01:24 PM][ INFO    ] Scanning for MemoryCloud extensions.
[06/14/2021 04:01:24 PM][ INFO    ] No MemoryCloud extension found.
[06/14/2021 04:01:24 PM][ INFO    ] Scanning for startup tasks.
[06/14/2021 04:01:24 PM][ INFO    ] EventLoop: Starting.
[06/14/2021 04:01:26 PM][ INFO    ] LocalMemoryStorage is initialized in read-write mode
[06/14/2021 04:01:26 PM][ INFO    ] Initializing logging facility
[06/14/2021 04:01:26 PM][ INFO    ] Creating write-ahead log file C:\GE\TDW.TCSServer\TDW.TCSServer\bin\Debug\netcoreapp3.1\storage\B\write_ahead_log\primary_storage_log_59.dat
[06/14/2021 04:01:26 PM][ INFO    ] Loading storage from [SLOT B]
[06/14/2021 04:01:30 PM][ INFO    ] Load storage complete, image version = 58
[06/14/2021 04:01:30 PM][ INFO    ] Initializing logging facility
[06/14/2021 04:01:30 PM][ INFO    ] Dropping write-ahead-log file C:\GE\TDW.TCSServer\TDW.TCSServer\bin\Debug\netcoreapp3.1\storage\B\write_ahead_log\primary_storage_log_59.dat
[06/14/2021 04:01:30 PM][ INFO    ] Reading log file.
[06/14/2021 04:01:30 PM][ INFO    ] Write-ahead-log successfully loaded. Recovered 0 records.
[06/14/2021 04:01:30 PM][ INFO    ] Creating write-ahead log file C:\GE\TDW.TCSServer\TDW.TCSServer\bin\Debug\netcoreapp3.1\storage\B\write_ahead_log\primary_storage_log_58.dat
[06/14/2021 04:01:30 PM][ INFO    ] Loading cell type signatures.
[06/14/2021 04:01:31 PM][ FATAL   ] Cannot bind the socket to an IP endpoint 5304.
[06/14/2021 04:01:31 PM][ ERROR   ] CommunicationInstance: System.Net.Sockets.SocketException (0x80004005): The operation completed successfully.
   at Trinity.Network.NativeNetwork.StartTrinityServer(UInt16 port)
   at Trinity.Network.CommunicationInstance.StartCommunicationListeners()
   at Trinity.Network.CommunicationInstance.Start()
